#
# There is insufficient memory for the Java Runtime Environment to continue.
# Native memory allocation (mmap) failed to map 1048576 bytes for committing reserved memory.
# Possible reasons:
#   The system is out of physical RAM or swap space
#   In 32 bit mode, the process size limit was hit
# Possible solutions:
#   Reduce memory load on the system
#   Increase physical memory or swap space
#   Check if swap backing store is full
#   Use 64 bit Java on a 64 bit OS
#   Decrease Java heap size (-Xmx/-Xms)
#   Decrease number of Java threads
#   Decrease Java thread stack sizes (-Xss)
#   Set larger code cache with -XX:ReservedCodeCacheSize=
# This output file may be truncated or incomplete.
#
#  Out of Memory Error (os_linux.cpp:2627), pid=11844, tid=140723920791296
#
# JRE version: Java(TM) SE Runtime Environment (8.0_91-b14) (build 1.8.0_91-b14)
# Java VM: Java HotSpot(TM) 64-Bit Server VM (25.91-b14 mixed mode linux-amd64 compressed oops)
# Failed to write core dump. Core dumps have been disabled. To enable core dumping, try "ulimit -c unlimited" before starting Java again
#

---------------  T H R E A D  ---------------

Current thread (0x00007ffcec078000):  VMThread [stack: 0x00007ffcd73f6000,0x00007ffcd74f7000] [id=11879]

Stack: [0x00007ffcd73f6000,0x00007ffcd74f7000],  sp=0x00007ffcd74f52e0,  free space=1020k
Native frames: (J=compiled Java code, j=interpreted, Vv=VM code, C=native code)
V  [libjvm.so+0xabc18a]  VMError::report_and_die()+0x2ba
V  [libjvm.so+0x4fafeb]  report_vm_out_of_memory(char const*, int, unsigned long, VMErrorType, char const*)+0x8b
V  [libjvm.so+0x91cbb3]  os::Linux::commit_memory_impl(char*, unsigned long, bool)+0x103
V  [libjvm.so+0x91d109]  os::pd_commit_memory(char*, unsigned long, unsigned long, bool)+0x29
V  [libjvm.so+0x91740a]  os::commit_memory(char*, unsigned long, unsigned long, bool)+0x2a
V  [libjvm.so+0x98b033]  PSVirtualSpace::expand_by(unsigned long)+0x53
V  [libjvm.so+0x98c438]  PSYoungGen::resize_generation(unsigned long, unsigned long)+0xf8
V  [libjvm.so+0x98b592]  PSYoungGen::resize(unsigned long, unsigned long)+0x22
V  [libjvm.so+0x98886b]  PSScavenge::invoke_no_policy()+0xf3b
V  [libjvm.so+0x988ff1]  PSScavenge::invoke()+0x41
V  [libjvm.so+0x9408b0]  ParallelScavengeHeap::failed_mem_allocate(unsigned long)+0x70
V  [libjvm.so+0xabdba7]  VM_ParallelGCFailedAllocation::doit()+0x97
V  [libjvm.so+0xac55d5]  VM_Operation::evaluate()+0x55
V  [libjvm.so+0xac39aa]  VMThread::evaluate_operation(VM_Operation*)+0xba
V  [libjvm.so+0xac3d2e]  VMThread::loop()+0x1ce
V  [libjvm.so+0xac41a0]  VMThread::run()+0x70
V  [libjvm.so+0x91ef78]  java_start(Thread*)+0x108

VM_Operation (0x00007ffcf5bf1920): ParallelGCFailedAllocation, mode: safepoint, requested by thread 0x00007ffcec00a000


---------------  P R O C E S S  ---------------

Java Threads: ( => current thread )
  0x00007ffcec0c3800 JavaThread "Service Thread" daemon [_thread_blocked, id=11908, stack(0x00007ffcd6cb8000,0x00007ffcd6db9000)]
  0x00007ffcec0be800 JavaThread "C1 CompilerThread2" daemon [_thread_blocked, id=11902, stack(0x00007ffcd6db9000,0x00007ffcd6eba000)]
  0x00007ffcec0bd000 JavaThread "C2 CompilerThread1" daemon [_thread_blocked, id=11898, stack(0x00007ffcd6eba000,0x00007ffcd6fbb000)]
  0x00007ffcec0ba000 JavaThread "C2 CompilerThread0" daemon [_thread_blocked, id=11895, stack(0x00007ffcd6fbb000,0x00007ffcd70bc000)]
  0x00007ffcec0b8800 JavaThread "Signal Dispatcher" daemon [_thread_blocked, id=11892, stack(0x00007ffcd70bc000,0x00007ffcd71bd000)]
  0x00007ffcec084000 JavaThread "Finalizer" daemon [_thread_blocked, id=11885, stack(0x00007ffcd71f4000,0x00007ffcd72f5000)]
  0x00007ffcec07f800 JavaThread "Reference Handler" daemon [_thread_blocked, id=11882, stack(0x00007ffcd72f5000,0x00007ffcd73f6000)]
  0x00007ffcec00a000 JavaThread "main" [_thread_blocked, id=11860, stack(0x00007ffcf5af3000,0x00007ffcf5bf4000)]

Other Threads:
=>0x00007ffcec078000 VMThread [stack: 0x00007ffcd73f6000,0x00007ffcd74f7000] [id=11879]
  0x00007ffcec0c6800 WatcherThread [stack: 0x00007ffcd6bb7000,0x00007ffcd6cb8000] [id=11909]

VM state:at safepoint (normal execution)

VM Mutex/Monitor currently owned by a thread:  ([mutex/lock_event])
[0x00007ffcec0064a0] Threads_lock - owner thread: 0x00007ffcec078000
[0x00007ffcec0069a0] Heap_lock - owner thread: 0x00007ffcec00a000

Heap:
 PSYoungGen      total 48128K, used 14528K [0x00000000eab00000, 0x00000000f0900000, 0x0000000100000000)
  eden space 30720K, 0% used [0x00000000eab00000,0x00000000eab00000,0x00000000ec900000)
  from space 17408K, 83% used [0x00000000ef800000,0x00000000f0630150,0x00000000f0900000)
  to   space 2048K, 0% used [0x00000000ec900000,0x00000000ec900000,0x00000000ecb00000)
 ParOldGen       total 75264K, used 43479K [0x00000000c0000000, 0x00000000c4980000, 0x00000000eab00000)
  object space 75264K, 57% used [0x00000000c0000000,0x00000000c2a75fc0,0x00000000c4980000)
 Metaspace       used 5304K, capacity 6608K, committed 6784K, reserved 1056768K
  class space    used 506K, capacity 584K, committed 640K, reserved 1048576K

Card table byte_map: [0x00007ffcf26d2000,0x00007ffcf28d3000] byte_map_base: 0x00007ffcf20d2000

Marking Bits: (ParMarkBitMap*) 0x00007ffcf4fe6d60
 Begin Bits: [0x00007ffcf0178000, 0x00007ffcf1178000)
 End Bits:   [0x00007ffcf1178000, 0x00007ffcf2178000)

Polling page: 0x00007ffcf5c35000

CodeCache: size=245760Kb used=5450Kb max_used=5450Kb free=240309Kb
 bounds [0x00007ffcdd000000, 0x00007ffcdd560000, 0x00007ffcec000000]
 total_blobs=1519 nmethods=1257 adapters=176
 compilation: enabled

Compilation events (10 events):
Event: 16.497 Thread 0x00007ffcec0be800 1322   !   2       com.android.dx.command.dexer.Main::processClass (334 bytes)
Event: 16.499 Thread 0x00007ffcec0be800 nmethod 1322 0x00007ffcdd552bd0 code [0x00007ffcdd552ea0, 0x00007ffcdd553c18]
Event: 16.501 Thread 0x00007ffcec0be800 1323       2       com.android.dx.rop.cst.StdConstantPool::<init> (38 bytes)
Event: 16.501 Thread 0x00007ffcec0be800 nmethod 1323 0x00007ffcdd554c10 code [0x00007ffcdd554d80, 0x00007ffcdd555028]
Event: 16.550 Thread 0x00007ffcec0be800 1325       2       com.android.dx.cf.direct.DirectClassFile::isGoodVersion (38 bytes)
Event: 16.550 Thread 0x00007ffcec0be800 nmethod 1325 0x00007ffcdd555110 code [0x00007ffcdd555280, 0x00007ffcdd555430]
Event: 16.551 Thread 0x00007ffcec0be800 1326       2       com.android.dx.cf.cst.ConstantPoolParser::<init> (41 bytes)
Event: 16.552 Thread 0x00007ffcec0be800 nmethod 1326 0x00007ffcdd5554d0 code [0x00007ffcdd555660, 0x00007ffcdd5559d8]
Event: 16.552 Thread 0x00007ffcec0be800 1327       2       com.android.dx.rop.type.Type::getClassName (94 bytes)
Event: 16.552 Thread 0x00007ffcec0be800 nmethod 1327 0x00007ffcdd555c10 code [0x00007ffcdd555de0, 0x00007ffcdd5562f8]

GC Heap History (10 events):
Event: 8.958 GC heap after
Heap after GC invocations=2 (full 0):
 PSYoungGen      total 17408K, used 2016K [0x00000000eab00000, 0x00000000ecd00000, 0x0000000100000000)
  eden space 15360K, 0% used [0x00000000eab00000,0x00000000eab00000,0x00000000eba00000)
  from space 2048K, 98% used [0x00000000ebc00000,0x00000000ebdf8038,0x00000000ebe00000)
  to   space 2048K, 0% used [0x00000000eba00000,0x00000000eba00000,0x00000000ebc00000)
 ParOldGen       total 39936K, used 12640K [0x00000000c0000000, 0x00000000c2700000, 0x00000000eab00000)
  object space 39936K, 31% used [0x00000000c0000000,0x00000000c0c58258,0x00000000c2700000)
 Metaspace       used 5163K, capacity 6480K, committed 6784K, reserved 1056768K
  class space    used 505K, capacity 584K, committed 640K, reserved 1048576K
}
Event: 9.905 GC heap before
{Heap before GC invocations=3 (full 0):
 PSYoungGen      total 17408K, used 17376K [0x00000000eab00000, 0x00000000ecd00000, 0x0000000100000000)
  eden space 15360K, 100% used [0x00000000eab00000,0x00000000eba00000,0x00000000eba00000)
  from space 2048K, 98% used [0x00000000ebc00000,0x00000000ebdf8038,0x00000000ebe00000)
  to   space 2048K, 0% used [0x00000000eba00000,0x00000000eba00000,0x00000000ebc00000)
 ParOldGen       total 39936K, used 12640K [0x00000000c0000000, 0x00000000c2700000, 0x00000000eab00000)
  object space 39936K, 31% used [0x00000000c0000000,0x00000000c0c58258,0x00000000c2700000)
 Metaspace       used 5203K, capacity 6544K, committed 6784K, reserved 1056768K
  class space    used 506K, capacity 584K, committed 640K, reserved 1048576K
Event: 10.339 GC heap after
Heap after GC invocations=3 (full 0):
 PSYoungGen      total 17408K, used 2016K [0x00000000eab00000, 0x00000000ecd00000, 0x0000000100000000)
  eden space 15360K, 0% used [0x00000000eab00000,0x00000000eab00000,0x00000000eba00000)
  from space 2048K, 98% used [0x00000000eba00000,0x00000000ebbf8020,0x00000000ebc00000)
  to   space 2048K, 0% used [0x00000000ecb00000,0x00000000ecb00000,0x00000000ecd00000)
 ParOldGen       total 39936K, used 20481K [0x00000000c0000000, 0x00000000c2700000, 0x00000000eab00000)
  object space 39936K, 51% used [0x00000000c0000000,0x00000000c14006c8,0x00000000c2700000)
 Metaspace       used 5203K, capacity 6544K, committed 6784K, reserved 1056768K
  class space    used 506K, capacity 584K, committed 640K, reserved 1048576K
}
Event: 10.647 GC heap before
{Heap before GC invocations=4 (full 0):
 PSYoungGen      total 17408K, used 17376K [0x00000000eab00000, 0x00000000ecd00000, 0x0000000100000000)
  eden space 15360K, 100% used [0x00000000eab00000,0x00000000eba00000,0x00000000eba00000)
  from space 2048K, 98% used [0x00000000eba00000,0x00000000ebbf8020,0x00000000ebc00000)
  to   space 2048K, 0% used [0x00000000ecb00000,0x00000000ecb00000,0x00000000ecd00000)
 ParOldGen       total 39936K, used 20481K [0x00000000c0000000, 0x00000000c2700000, 0x00000000eab00000)
  object space 39936K, 51% used [0x00000000c0000000,0x00000000c14006c8,0x00000000c2700000)
 Metaspace       used 5230K, capacity 6544K, committed 6784K, reserved 1056768K
  class space    used 506K, capacity 584K, committed 640K, reserved 1048576K
Event: 11.210 GC heap after
Heap after GC invocations=4 (full 0):
 PSYoungGen      total 32768K, used 2048K [0x00000000eab00000, 0x00000000ecd00000, 0x0000000100000000)
  eden space 30720K, 0% used [0x00000000eab00000,0x00000000eab00000,0x00000000ec900000)
  from space 2048K, 100% used [0x00000000ecb00000,0x00000000ecd00000,0x00000000ecd00000)
  to   space 2048K, 0% used [0x00000000ec900000,0x00000000ec900000,0x00000000ecb00000)
 ParOldGen       total 39936K, used 28597K [0x00000000c0000000, 0x00000000c2700000, 0x00000000eab00000)
  object space 39936K, 71% used [0x00000000c0000000,0x00000000c1bed548,0x00000000c2700000)
 Metaspace       used 5230K, capacity 6544K, committed 6784K, reserved 1056768K
  class space    used 506K, capacity 584K, committed 640K, reserved 1048576K
}
Event: 12.552 GC heap before
{Heap before GC invocations=5 (full 0):
 PSYoungGen      total 32768K, used 32768K [0x00000000eab00000, 0x00000000ecd00000, 0x0000000100000000)
  eden space 30720K, 100% used [0x00000000eab00000,0x00000000ec900000,0x00000000ec900000)
  from space 2048K, 100% used [0x00000000ecb00000,0x00000000ecd00000,0x00000000ecd00000)
  to   space 2048K, 0% used [0x00000000ec900000,0x00000000ec900000,0x00000000ecb00000)
 ParOldGen       total 39936K, used 28597K [0x00000000c0000000, 0x00000000c2700000, 0x00000000eab00000)
  object space 39936K, 71% used [0x00000000c0000000,0x00000000c1bed548,0x00000000c2700000)
 Metaspace       used 5265K, capacity 6544K, committed 6784K, reserved 1056768K
  class space    used 506K, capacity 584K, committed 640K, reserved 1048576K
Event: 15.785 GC heap after
Heap after GC invocations=5 (full 0):
 PSYoungGen      total 32768K, used 2021K [0x00000000eab00000, 0x00000000f0900000, 0x0000000100000000)
  eden space 30720K, 0% used [0x00000000eab00000,0x00000000eab00000,0x00000000ec900000)
  from space 2048K, 98% used [0x00000000ec900000,0x00000000ecaf9640,0x00000000ecb00000)
  to   space 17408K, 0% used [0x00000000ef800000,0x00000000ef800000,0x00000000f0900000)
 ParOldGen       total 44544K, used 44437K [0x00000000c0000000, 0x00000000c2b80000, 0x00000000eab00000)
  object space 44544K, 99% used [0x00000000c0000000,0x00000000c2b657c8,0x00000000c2b80000)
 Metaspace       used 5265K, capacity 6544K, committed 6784K, reserved 1056768K
  class space    used 506K, capacity 584K, committed 640K, reserved 1048576K
}
Event: 15.785 GC heap before
{Heap before GC invocations=6 (full 1):
 PSYoungGen      total 32768K, used 2021K [0x00000000eab00000, 0x00000000f0900000, 0x0000000100000000)
  eden space 30720K, 0% used [0x00000000eab00000,0x00000000eab00000,0x00000000ec900000)
  from space 2048K, 98% used [0x00000000ec900000,0x00000000ecaf9640,0x00000000ecb00000)
  to   space 17408K, 0% used [0x00000000ef800000,0x00000000ef800000,0x00000000f0900000)
 ParOldGen       total 44544K, used 44437K [0x00000000c0000000, 0x00000000c2b80000, 0x00000000eab00000)
  object space 44544K, 99% used [0x00000000c0000000,0x00000000c2b657c8,0x00000000c2b80000)
 Metaspace       used 5265K, capacity 6544K, committed 6784K, reserved 1056768K
  class space    used 506K, capacity 584K, committed 640K, reserved 1048576K
Event: 16.120 GC heap after
Heap after GC invocations=6 (full 1):
 PSYoungGen      total 32768K, used 0K [0x00000000eab00000, 0x00000000f0900000, 0x0000000100000000)
  eden space 30720K, 0% used [0x00000000eab00000,0x00000000eab00000,0x00000000ec900000)
  from space 2048K, 0% used [0x00000000ec900000,0x00000000ec900000,0x00000000ecb00000)
  to   space 17408K, 0% used [0x00000000ef800000,0x00000000ef800000,0x00000000f0900000)
 ParOldGen       total 75264K, used 43471K [0x00000000c0000000, 0x00000000c4980000, 0x00000000eab00000)
  object space 75264K, 57% used [0x00000000c0000000,0x00000000c2a73fc0,0x00000000c4980000)
 Metaspace       used 5265K, capacity 6544K, committed 6784K, reserved 1056768K
  class space    used 506K, capacity 584K, committed 640K, reserved 1048576K
}
Event: 16.555 GC heap before
{Heap before GC invocations=7 (full 1):
 PSYoungGen      total 32768K, used 30720K [0x00000000eab00000, 0x00000000f0900000, 0x0000000100000000)
  eden space 30720K, 100% used [0x00000000eab00000,0x00000000ec900000,0x00000000ec900000)
  from space 2048K, 0% used [0x00000000ec900000,0x00000000ec900000,0x00000000ecb00000)
  to   space 17408K, 0% used [0x00000000ef800000,0x00000000ef800000,0x00000000f0900000)
 ParOldGen       total 75264K, used 43471K [0x00000000c0000000, 0x00000000c4980000, 0x00000000eab00000)
  object space 75264K, 57% used [0x00000000c0000000,0x00000000c2a73fc0,0x00000000c4980000)
 Metaspace       used 5304K, capacity 6608K, committed 6784K, reserved 1056768K
  class space    used 506K, capacity 584K, committed 640K, reserved 1048576K

Deoptimization events (7 events):
Event: 4.815 Thread 0x00007ffcec00a000 Uncommon trap: reason=unstable_if action=reinterpret pc=0x00007ffcdd1f707c method=java.util.HashMap.getNode(ILjava/lang/Object;)Ljava/util/HashMap$Node; @ 129
Event: 6.144 Thread 0x00007ffcec00a000 Uncommon trap: reason=null_check action=make_not_entrant pc=0x00007ffcdd2c6fe8 method=com.android.dx.rop.type.Type.equals(Ljava/lang/Object;)Z @ 8
Event: 8.977 Thread 0x00007ffcec00a000 Uncommon trap: reason=unstable_if action=reinterpret pc=0x00007ffcdd338a08 method=com.android.dx.rop.code.RegisterSpec.equals(ILcom/android/dx/rop/type/TypeBearer;Lcom/android/dx/rop/code/LocalItem;)Z @ 5
Event: 9.825 Thread 0x00007ffcec00a000 Uncommon trap: reason=unstable_if action=reinterpret pc=0x00007ffcdd459f90 method=com.android.dx.cf.code.BytecodeArray.parseInstruction(ILcom/android/dx/cf/code/BytecodeArray$Visitor;)I @ 1198
Event: 11.216 Thread 0x00007ffcec00a000 Uncommon trap: reason=unstable_if action=reinterpret pc=0x00007ffcdd2f6458 method=com.android.dx.rop.code.RegisterSpec.equals(ILcom/android/dx/rop/type/TypeBearer;Lcom/android/dx/rop/code/LocalItem;)Z @ 5
Event: 12.535 Thread 0x00007ffcec00a000 Uncommon trap: reason=unloaded action=reinterpret pc=0x00007ffcdd4c9dc4 method=com.android.dx.cf.cst.ConstantPoolParser.parse0(ILjava/util/BitSet;)Lcom/android/dx/rop/cst/Constant; @ 220
Event: 16.279 Thread 0x00007ffcec00a000 Uncommon trap: reason=unstable_if action=reinterpret pc=0x00007ffcdd4f8a24 method=com.android.dx.rop.code.RegisterSpec.equals(ILcom/android/dx/rop/type/TypeBearer;Lcom/android/dx/rop/code/LocalItem;)Z @ 42

Internal exceptions (3 events):
Event: 0.616 Thread 0x00007ffcec00a000 Exception <a 'java/lang/NoSuchMethodError': Method sun.misc.Unsafe.defineClass(Ljava/lang/String;[BII)Ljava/lang/Class; name or signature does not match> (0x00000000eab07cc0) thrown at [/HUDSON/workspace/8-2-build-linux-amd64/jdk8u91/6644/hotspot/src/shar
Event: 0.616 Thread 0x00007ffcec00a000 Exception <a 'java/lang/NoSuchMethodError': Method sun.misc.Unsafe.prefetchRead(Ljava/lang/Object;J)V name or signature does not match> (0x00000000eab07fa8) thrown at [/HUDSON/workspace/8-2-build-linux-amd64/jdk8u91/6644/hotspot/src/share/vm/prims/jni.cpp
Event: 6.144 Thread 0x00007ffcec00a000 Implicit null exception at 0x00007ffcdd2c6ee2 to 0x00007ffcdd2c6fdb

Events (10 events):
Event: 16.322 Thread 0x00007ffcec00a000 DEOPT UNPACKING pc=0x00007ffcdd047633 sp=0x00007ffcf5bf1a20 mode 0
Event: 16.363 Thread 0x00007ffcec00a000 DEOPT PACKING pc=0x00007ffcdd48195a sp=0x00007ffcf5bf1c70
Event: 16.363 Thread 0x00007ffcec00a000 DEOPT UNPACKING pc=0x00007ffcdd047633 sp=0x00007ffcf5bf1ac0 mode 0
Event: 16.418 Thread 0x00007ffcec00a000 DEOPT PACKING pc=0x00007ffcdd52300b sp=0x00007ffcf5bf1d40
Event: 16.418 Thread 0x00007ffcec00a000 DEOPT UNPACKING pc=0x00007ffcdd047633 sp=0x00007ffcf5bf1b18 mode 0
Event: 16.422 Thread 0x00007ffcec00a000 DEOPT PACKING pc=0x00007ffcdd2a84f5 sp=0x00007ffcf5bf1c70
Event: 16.422 Thread 0x00007ffcec00a000 DEOPT UNPACKING pc=0x00007ffcdd047633 sp=0x00007ffcf5bf1a30 mode 0
Event: 16.518 Thread 0x00007ffcec00a000 DEOPT PACKING pc=0x00007ffcdd2a84f5 sp=0x00007ffcf5bf1c10
Event: 16.518 Thread 0x00007ffcec00a000 DEOPT UNPACKING pc=0x00007ffcdd047633 sp=0x00007ffcf5bf19d0 mode 0
Event: 16.555 Executing VM operation: ParallelGCFailedAllocation


Dynamic libraries:
00400000-00401000 r-xp 00000000 08:03 3025047                            /usr/lib/jdk1.8.0_91/bin/java
00600000-00601000 rw-p 00000000 08:03 3025047                            /usr/lib/jdk1.8.0_91/bin/java
0086e000-0088f000 rw-p 00000000 00:00 0                                  [heap]
c0000000-c4980000 rw-p 00000000 00:00 0 
c4980000-eab00000 ---p 00000000 00:00 0 
eab00000-f0900000 rw-p 00000000 00:00 0 
f0a00000-100000000 ---p 00000000 00:00 0 
100000000-1000a0000 rw-p 00000000 00:00 0 
1000a0000-140000000 ---p 00000000 00:00 0 
7ffca0000000-7ffca0021000 rw-p 00000000 00:00 0 
7ffca0021000-7ffca4000000 ---p 00000000 00:00 0 
7ffca8000000-7ffca8c77000 rw-p 00000000 00:00 0 
7ffca8c77000-7ffcac000000 ---p 00000000 00:00 0 
7ffcac000000-7ffcac021000 rw-p 00000000 00:00 0 
7ffcac021000-7ffcb0000000 ---p 00000000 00:00 0 
7ffcb0000000-7ffcb10c2000 rw-p 00000000 00:00 0 
7ffcb10c2000-7ffcb4000000 ---p 00000000 00:00 0 
7ffcb4000000-7ffcb4f71000 rw-p 00000000 00:00 0 
7ffcb4f71000-7ffcb8000000 ---p 00000000 00:00 0 
7ffcb8000000-7ffcb8021000 rw-p 00000000 00:00 0 
7ffcb8021000-7ffcbc000000 ---p 00000000 00:00 0 
7ffcbc000000-7ffcbc021000 rw-p 00000000 00:00 0 
7ffcbc021000-7ffcc0000000 ---p 00000000 00:00 0 
7ffcc0000000-7ffcc028e000 rw-p 00000000 00:00 0 
7ffcc028e000-7ffcc4000000 ---p 00000000 00:00 0 
7ffcc4000000-7ffcc4021000 rw-p 00000000 00:00 0 
7ffcc4021000-7ffcc8000000 ---p 00000000 00:00 0 
7ffcc8000000-7ffcc8021000 rw-p 00000000 00:00 0 
7ffcc8021000-7ffccc000000 ---p 00000000 00:00 0 
7ffccc000000-7ffccc021000 rw-p 00000000 00:00 0 
7ffccc021000-7ffcd0000000 ---p 00000000 00:00 0 
7ffcd0000000-7ffcd0021000 rw-p 00000000 00:00 0 
7ffcd0021000-7ffcd4000000 ---p 00000000 00:00 0 
7ffcd6bb7000-7ffcd6bb8000 ---p 00000000 00:00 0 
7ffcd6bb8000-7ffcd6cb8000 rw-p 00000000 00:00 0                          [stack:11909]
7ffcd6cb8000-7ffcd6cbb000 ---p 00000000 00:00 0 
7ffcd6cbb000-7ffcd6db9000 rw-p 00000000 00:00 0                          [stack:11908]
7ffcd6db9000-7ffcd6dbc000 ---p 00000000 00:00 0 
7ffcd6dbc000-7ffcd6eba000 rw-p 00000000 00:00 0                          [stack:11902]
7ffcd6eba000-7ffcd6ebd000 ---p 00000000 00:00 0 
7ffcd6ebd000-7ffcd6fbb000 rw-p 00000000 00:00 0                          [stack:11898]
7ffcd6fbb000-7ffcd6fbe000 ---p 00000000 00:00 0 
7ffcd6fbe000-7ffcd70bc000 rw-p 00000000 00:00 0                          [stack:11895]
7ffcd70bc000-7ffcd70bf000 ---p 00000000 00:00 0 
7ffcd70bf000-7ffcd71bd000 rw-p 00000000 00:00 0                          [stack:11892]
7ffcd71bd000-7ffcd71f4000 r--p 00000000 08:03 17174464                   /usr/lib64/locale/en_US/LC_CTYPE
7ffcd71f4000-7ffcd71f7000 ---p 00000000 00:00 0 
7ffcd71f7000-7ffcd72f5000 rw-p 00000000 00:00 0                          [stack:11885]
7ffcd72f5000-7ffcd72f8000 ---p 00000000 00:00 0 
7ffcd72f8000-7ffcd73f6000 rw-p 00000000 00:00 0                          [stack:11882]
7ffcd73f6000-7ffcd73f7000 ---p 00000000 00:00 0 
7ffcd73f7000-7ffcd8000000 rw-p 00000000 00:00 0                          [stack:11879]
7ffcd8000000-7ffcd8021000 rw-p 00000000 00:00 0 
7ffcd8021000-7ffcdc000000 ---p 00000000 00:00 0 
7ffcdc021000-7ffcdc627000 rw-p 00000000 00:00 0 
7ffcdc627000-7ffcdc800000 r--s 03d1f000 08:03 3024836                    /usr/lib/jdk1.8.0_91/jre/lib/rt.jar
7ffcdc800000-7ffcdce00000 rw-p 00000000 00:00 0 
7ffcdce00000-7ffcdd000000 ---p 00000000 00:00 0 
7ffcdd000000-7ffcdd560000 rwxp 00000000 00:00 0 
7ffcdd560000-7ffcec000000 ---p 00000000 00:00 0 
7ffcec000000-7ffcec392000 rw-p 00000000 00:00 0 
7ffcec392000-7ffcf0000000 ---p 00000000 00:00 0 
7ffcf002f000-7ffcf2178000 rw-p 00000000 00:00 0 
7ffcf2178000-7ffcf2179000 ---p 00000000 00:00 0 
7ffcf2179000-7ffcf2279000 rw-p 00000000 00:00 0                          [stack:11875]
7ffcf2279000-7ffcf227a000 ---p 00000000 00:00 0 
7ffcf227a000-7ffcf237a000 rw-p 00000000 00:00 0                          [stack:11872]
7ffcf237a000-7ffcf237b000 ---p 00000000 00:00 0 
7ffcf237b000-7ffcf247b000 rw-p 00000000 00:00 0                          [stack:11866]
7ffcf247b000-7ffcf247c000 ---p 00000000 00:00 0 
7ffcf247c000-7ffcf25a1000 rw-p 00000000 00:00 0                          [stack:11861]
7ffcf25a1000-7ffcf26d2000 ---p 00000000 00:00 0 
7ffcf26d2000-7ffcf26f7000 rw-p 00000000 00:00 0 
7ffcf26f7000-7ffcf2827000 ---p 00000000 00:00 0 
7ffcf2827000-7ffcf2857000 rw-p 00000000 00:00 0 
7ffcf2857000-7ffcf28d2000 ---p 00000000 00:00 0 
7ffcf28d2000-7ffcf28e9000 rw-p 00000000 00:00 0 
7ffcf28e9000-7ffcf2c93000 ---p 00000000 00:00 0 
7ffcf2c93000-7ffcf2cad000 r-xp 00000000 08:03 3024848                    /usr/lib/jdk1.8.0_91/jre/lib/amd64/libzip.so
7ffcf2cad000-7ffcf2ead000 ---p 0001a000 08:03 3024848                    /usr/lib/jdk1.8.0_91/jre/lib/amd64/libzip.so
7ffcf2ead000-7ffcf2eae000 rw-p 0001a000 08:03 3024848                    /usr/lib/jdk1.8.0_91/jre/lib/amd64/libzip.so
7ffcf2eae000-7ffcf2eba000 r-xp 00000000 08:02 786607                     /lib64/libnss_files-2.17.so
7ffcf2eba000-7ffcf30b9000 ---p 0000c000 08:02 786607                     /lib64/libnss_files-2.17.so
7ffcf30b9000-7ffcf30ba000 r--p 0000b000 08:02 786607                     /lib64/libnss_files-2.17.so
7ffcf30ba000-7ffcf30bb000 rw-p 0000c000 08:02 786607                     /lib64/libnss_files-2.17.so
7ffcf30bb000-7ffcf30c6000 r-xp 00000000 08:02 786608                     /lib64/libnss_nis-2.17.so
7ffcf30c6000-7ffcf32c5000 ---p 0000b000 08:02 786608                     /lib64/libnss_nis-2.17.so
7ffcf32c5000-7ffcf32c6000 r--p 0000a000 08:02 786608                     /lib64/libnss_nis-2.17.so
7ffcf32c6000-7ffcf32c7000 rw-p 0000b000 08:02 786608                     /lib64/libnss_nis-2.17.so
7ffcf32c7000-7ffcf32de000 r-xp 00000000 08:02 786604                     /lib64/libnsl-2.17.so
7ffcf32de000-7ffcf34dd000 ---p 00017000 08:02 786604                     /lib64/libnsl-2.17.so
7ffcf34dd000-7ffcf34de000 r--p 00016000 08:02 786604                     /lib64/libnsl-2.17.so
7ffcf34de000-7ffcf34df000 rw-p 00017000 08:02 786604                     /lib64/libnsl-2.17.so
7ffcf34df000-7ffcf34e1000 rw-p 00000000 00:00 0 
7ffcf34e1000-7ffcf34ea000 r-xp 00000000 08:02 786605                     /lib64/libnss_compat-2.17.so
7ffcf34ea000-7ffcf36e9000 ---p 00009000 08:02 786605                     /lib64/libnss_compat-2.17.so
7ffcf36e9000-7ffcf36ea000 r--p 00008000 08:02 786605                     /lib64/libnss_compat-2.17.so
7ffcf36ea000-7ffcf36eb000 rw-p 00009000 08:02 786605                     /lib64/libnss_compat-2.17.so
7ffcf36eb000-7ffcf3715000 r-xp 00000000 08:03 3024847                    /usr/lib/jdk1.8.0_91/jre/lib/amd64/libjava.so
7ffcf3715000-7ffcf3915000 ---p 0002a000 08:03 3024847                    /usr/lib/jdk1.8.0_91/jre/lib/amd64/libjava.so
7ffcf3915000-7ffcf3917000 rw-p 0002a000 08:03 3024847                    /usr/lib/jdk1.8.0_91/jre/lib/amd64/libjava.so
7ffcf3917000-7ffcf3924000 r-xp 00000000 08:03 3024879                    /usr/lib/jdk1.8.0_91/jre/lib/amd64/libverify.so
7ffcf3924000-7ffcf3b24000 ---p 0000d000 08:03 3024879                    /usr/lib/jdk1.8.0_91/jre/lib/amd64/libverify.so
7ffcf3b24000-7ffcf3b26000 rw-p 0000d000 08:03 3024879                    /usr/lib/jdk1.8.0_91/jre/lib/amd64/libverify.so
7ffcf3b26000-7ffcf3b2d000 r-xp 00000000 08:02 786611                     /lib64/librt-2.17.so
7ffcf3b2d000-7ffcf3d2c000 ---p 00007000 08:02 786611                     /lib64/librt-2.17.so
7ffcf3d2c000-7ffcf3d2d000 r--p 00006000 08:02 786611                     /lib64/librt-2.17.so
7ffcf3d2d000-7ffcf3d2e000 rw-p 00007000 08:02 786611                     /lib64/librt-2.17.so
7ffcf3d2e000-7ffcf3e2e000 r-xp 00000000 08:02 786603                     /lib64/libm-2.17.so
7ffcf3e2e000-7ffcf402e000 ---p 00100000 08:02 786603                     /lib64/libm-2.17.so
7ffcf402e000-7ffcf402f000 r--p 00100000 08:02 786603                     /lib64/libm-2.17.so
7ffcf402f000-7ffcf4030000 rw-p 00101000 08:02 786603                     /lib64/libm-2.17.so
7ffcf4030000-7ffcf4cf0000 r-xp 00000000 08:03 3024862                    /usr/lib/jdk1.8.0_91/jre/lib/amd64/server/libjvm.so
7ffcf4cf0000-7ffcf4ef0000 ---p 00cc0000 08:03 3024862                    /usr/lib/jdk1.8.0_91/jre/lib/amd64/server/libjvm.so
7ffcf4ef0000-7ffcf4fc8000 rw-p 00cc0000 08:03 3024862                    /usr/lib/jdk1.8.0_91/jre/lib/amd64/server/libjvm.so
7ffcf4fc8000-7ffcf5013000 rw-p 00000000 00:00 0 
7ffcf5013000-7ffcf51d2000 r-xp 00000000 08:02 786613                     /lib64/libc-2.17.so
7ffcf51d2000-7ffcf53d2000 ---p 001bf000 08:02 786613                     /lib64/libc-2.17.so
7ffcf53d2000-7ffcf53d6000 r--p 001bf000 08:02 786613                     /lib64/libc-2.17.so
7ffcf53d6000-7ffcf53d8000 rw-p 001c3000 08:02 786613                     /lib64/libc-2.17.so
7ffcf53d8000-7ffcf53dd000 rw-p 00000000 00:00 0 
7ffcf53dd000-7ffcf53e0000 r-xp 00000000 08:02 786614                     /lib64/libdl-2.17.so
7ffcf53e0000-7ffcf55df000 ---p 00003000 08:02 786614                     /lib64/libdl-2.17.so
7ffcf55df000-7ffcf55e0000 r--p 00002000 08:02 786614                     /lib64/libdl-2.17.so
7ffcf55e0000-7ffcf55e1000 rw-p 00003000 08:02 786614                     /lib64/libdl-2.17.so
7ffcf55e1000-7ffcf55f6000 r-xp 00000000 08:03 3152881                    /usr/lib/jdk1.8.0_91/lib/amd64/jli/libjli.so
7ffcf55f6000-7ffcf57f6000 ---p 00015000 08:03 3152881                    /usr/lib/jdk1.8.0_91/lib/amd64/jli/libjli.so
7ffcf57f6000-7ffcf57f7000 rw-p 00015000 08:03 3152881                    /usr/lib/jdk1.8.0_91/lib/amd64/jli/libjli.so
7ffcf57f7000-7ffcf580e000 r-xp 00000000 08:02 786609                     /lib64/libpthread-2.17.so
7ffcf580e000-7ffcf5a0e000 ---p 00017000 08:02 786609                     /lib64/libpthread-2.17.so
7ffcf5a0e000-7ffcf5a0f000 r--p 00017000 08:02 786609                     /lib64/libpthread-2.17.so
7ffcf5a0f000-7ffcf5a10000 rw-p 00018000 08:02 786609                     /lib64/libpthread-2.17.so
7ffcf5a10000-7ffcf5a14000 rw-p 00000000 00:00 0 
7ffcf5a14000-7ffcf5a37000 r-xp 00000000 08:02 786637                     /lib64/ld-2.17.so
7ffcf5a38000-7ffcf5a4f000 r--s 00101000 08:02 2490418                    /root/Desktop/cousera/ACD_AN_Session_6_Code/ContextMenuApplication/app/build/intermediates/exploded-aar/com.android.support/support-v4/24.0.0/jars/classes.jar
7ffcf5a4f000-7ffcf5af3000 rw-p 00000000 00:00 0 
7ffcf5af3000-7ffcf5af6000 ---p 00000000 00:00 0 
7ffcf5af6000-7ffcf5bf8000 rw-p 00000000 00:00 0                          [stack:11860]
7ffcf5bfe000-7ffcf5bff000 rw-p 00000000 00:00 0 
7ffcf5bff000-7ffcf5c0e000 r--s 000dd000 08:03 11141494                   /usr/local/android-sdk/build-tools/22.0.1/lib/dx.jar
7ffcf5c0e000-7ffcf5c0f000 r--p 00000000 08:03 17174495                   /usr/lib64/locale/en_US/LC_NUMERIC
7ffcf5c0f000-7ffcf5c10000 r--p 00000000 08:03 17174597                   /usr/lib64/locale/en_US/LC_TIME
7ffcf5c10000-7ffcf5c11000 r--p 00000000 08:03 17174595                   /usr/lib64/locale/en_US/LC_MONETARY
7ffcf5c11000-7ffcf5c12000 r--p 00000000 08:03 17174594                   /usr/lib64/locale/en_US/LC_MESSAGES/SYS_LC_MESSAGES
7ffcf5c12000-7ffcf5c13000 r--p 00000000 08:03 17304442                   /usr/lib64/locale/en_US/LC_PAPER
7ffcf5c13000-7ffcf5c14000 r--p 00000000 08:03 17174492                   /usr/lib64/locale/en_US/LC_NAME
7ffcf5c14000-7ffcf5c15000 r--p 00000000 08:03 17174596                   /usr/lib64/locale/en_US/LC_ADDRESS
7ffcf5c15000-7ffcf5c16000 r--p 00000000 08:03 17174599                   /usr/lib64/locale/en_US/LC_TELEPHONE
7ffcf5c16000-7ffcf5c17000 r--p 00000000 08:03 17304543                   /usr/lib64/locale/en_US/LC_MEASUREMENT
7ffcf5c17000-7ffcf5c18000 r--p 00000000 08:03 17174598                   /usr/lib64/locale/en_US/LC_IDENTIFICATION
7ffcf5c18000-7ffcf5c2c000 rw-p 00000000 00:00 0 
7ffcf5c2c000-7ffcf5c34000 rw-s 00000000 08:02 3022050                    /tmp/hsperfdata_root/11844
7ffcf5c34000-7ffcf5c35000 rw-p 00000000 00:00 0 
7ffcf5c35000-7ffcf5c36000 ---p 00000000 00:00 0 
7ffcf5c36000-7ffcf5c37000 rw-p 00000000 00:00 0 
7ffcf5c37000-7ffcf5c38000 r--p 00023000 08:02 786637                     /lib64/ld-2.17.so
7ffcf5c38000-7ffcf5c3a000 rw-p 00024000 08:02 786637                     /lib64/ld-2.17.so
7fffdb7a2000-7fffdb7c4000 rw-p 00000000 00:00 0                          [stack]
7fffdb7ff000-7fffdb800000 r-xp 00000000 00:00 0                          [vdso]
ffffffffff600000-ffffffffff601000 r-xp 00000000 00:00 0                  [vsyscall]

VM Arguments:
jvm_args: -Djava.awt.headless=true -Xmx1024M -Dfile.encoding=ISO-8859-1 -Duser.country=US -Duser.language=en -Duser.variant 
java_command: com.android.dx.command.Main --dex --force-jumbo --no-optimize --multi-dex --output /root/Desktop/cousera/ACD_AN_Session_6_Code/ContextMenuApplication/app/build/intermediates/transforms/dex/debug/folders/1000/10/com.android.support-support-v4-24.0.0_ea6ca63a3ee44c875c21448e21ce4fcbf05e3123 /root/Desktop/cousera/ACD_AN_Session_6_Code/ContextMenuApplication/app/build/intermediates/exploded-aar/com.android.support/support-v4/24.0.0/jars/classes.jar
java_class_path (initial): /usr/local/android-sdk/build-tools/22.0.1/lib/dx.jar
Launcher Type: SUN_STANDARD

Environment Variables:
JAVA_HOME=/usr/lib/java
PATH=/root/google-cloud-sdk/bin:/usr/local/sbin:/usr/sbin:/sbin:/usr/local/bin:/usr/bin:/bin:/usr/games:/usr/lib/java/bin:/usr/lib/java/jre/bin:/usr/lib64/kde4/libexec:/usr/lib64/qt/bin:/usr/share/texmf/bin
LD_LIBRARY_PATH=.:
SHELL=/bin/bash
DISPLAY=:0.0

Signal Handlers:
SIGSEGV: [libjvm.so+0xabca10], sa_mask[0]=11111111011111111101111111111110, sa_flags=SA_RESTART|SA_SIGINFO
SIGBUS: [libjvm.so+0xabca10], sa_mask[0]=11111111011111111101111111111110, sa_flags=SA_RESTART|SA_SIGINFO
SIGFPE: [libjvm.so+0x919a20], sa_mask[0]=11111111011111111101111111111110, sa_flags=SA_RESTART|SA_SIGINFO
SIGPIPE: [libjvm.so+0x919a20], sa_mask[0]=11111111011111111101111111111110, sa_flags=SA_RESTART|SA_SIGINFO
SIGXFSZ: [libjvm.so+0x919a20], sa_mask[0]=11111111011111111101111111111110, sa_flags=SA_RESTART|SA_SIGINFO
SIGILL: [libjvm.so+0x919a20], sa_mask[0]=11111111011111111101111111111110, sa_flags=SA_RESTART|SA_SIGINFO
SIGUSR1: SIG_DFL, sa_mask[0]=00000000000000000000000000000000, sa_flags=none
SIGUSR2: [libjvm.so+0x91b050], sa_mask[0]=00100000000000000000000000000000, sa_flags=SA_RESTART|SA_SIGINFO
SIGHUP: [libjvm.so+0x91c450], sa_mask[0]=11111111011111111101111111111110, sa_flags=SA_RESTART|SA_SIGINFO
SIGINT: [libjvm.so+0x91c450], sa_mask[0]=11111111011111111101111111111110, sa_flags=SA_RESTART|SA_SIGINFO
SIGTERM: [libjvm.so+0x91c450], sa_mask[0]=11111111011111111101111111111110, sa_flags=SA_RESTART|SA_SIGINFO
SIGQUIT: [libjvm.so+0x91c450], sa_mask[0]=11111111011111111101111111111110, sa_flags=SA_RESTART|SA_SIGINFO


---------------  S Y S T E M  ---------------

OS:NAME=Slackware
VERSION="14.1"
ID=slackware
VERSION_ID=14.1
PRETTY_NAME="Slackware 14.1"
ANSI_COLOR="0;34"
CPE_NAME="cpe:/o:slackware:slackware_linux:14.1"
HOME_URL="http://slackware.com/"
SUPPORT_URL="http://www.linuxquestions.org/questions/slackware-14/"
BUG_REPORT_URL="http://www.linuxquestions.org/questions/slackware-14/"

uname:Linux 3.10.17 #2 SMP Wed Oct 23 16:34:38 CDT 2013 x86_64
libc:glibc 2.17 NPTL 2.17 
rlimit: STACK 8192k, CORE 0k, NPROC 29324, NOFILE 4096, AS infinity
load average:7.86 3.15 2.12

/proc/meminfo:
MemTotal:        3756188 kB
MemFree:          849228 kB
Buffers:            1844 kB
Cached:            78580 kB
SwapCached:        16276 kB
Active:          2286612 kB
Inactive:         493368 kB
Active(anon):    2282820 kB
Inactive(anon):   450896 kB
Active(file):       3792 kB
Inactive(file):    42472 kB
Unevictable:           0 kB
Mlocked:               0 kB
SwapTotal:       2097148 kB
SwapFree:        1037616 kB
Dirty:                96 kB
Writeback:           504 kB
AnonPages:       2671136 kB
Mapped:            18212 kB
Shmem:             34144 kB
Slab:              55464 kB
SReclaimable:      30260 kB
SUnreclaim:        25204 kB
KernelStack:        4248 kB
PageTables:        23496 kB
NFS_Unstable:          0 kB
Bounce:                0 kB
WritebackTmp:          0 kB
CommitLimit:     3975240 kB
Committed_AS:    5238280 kB
VmallocTotal:   34359738367 kB
VmallocUsed:      356512 kB
VmallocChunk:   34359372796 kB
AnonHugePages:   1306624 kB
DirectMap4k:       13412 kB
DirectMap2M:     1798144 kB
DirectMap1G:     2097152 kB


CPU:total 4 (2 cores per cpu, 2 threads per core) family 6 model 60 stepping 3, cmov, cx8, fxsr, mmx, sse, sse2, sse3, ssse3, sse4.1, sse4.2, popcnt, avx, avx2, aes, clmul, erms, rtm, lzcnt, ht, tsc, tscinvbit, bmi1, bmi2

/proc/cpuinfo:
processor	: 0
vendor_id	: GenuineIntel
cpu family	: 6
model		: 60
model name	: Intel(R) Core(TM) i5-4300M CPU @ 2.60GHz
stepping	: 3
microcode	: 0x19
cpu MHz		: 2601.000
cache size	: 3072 KB
physical id	: 0
siblings	: 4
core id		: 0
cpu cores	: 2
apicid		: 0
initial apicid	: 0
fpu		: yes
fpu_exception	: yes
cpuid level	: 13
wp		: yes
flags		: fpu vme de pse tsc msr pae mce cx8 apic sep mtrr pge mca cmov pat pse36 clflush dts acpi mmx fxsr sse sse2 ss ht tm pbe syscall nx pdpe1gb rdtscp lm constant_tsc arch_perfmon pebs bts rep_good nopl xtopology nonstop_tsc aperfmperf eagerfpu pni pclmulqdq dtes64 monitor ds_cpl vmx smx est tm2 ssse3 fma cx16 xtpr pdcm pcid sse4_1 sse4_2 x2apic movbe popcnt tsc_deadline_timer aes xsave avx f16c rdrand lahf_lm abm ida arat epb xsaveopt pln pts dtherm tpr_shadow vnmi flexpriority ept vpid fsgsbase tsc_adjust bmi1 hle avx2 smep bmi2 erms invpcid rtm
bogomips	: 5188.29
clflush size	: 64
cache_alignment	: 64
address sizes	: 39 bits physical, 48 bits virtual
power management:

processor	: 1
vendor_id	: GenuineIntel
cpu family	: 6
model		: 60
model name	: Intel(R) Core(TM) i5-4300M CPU @ 2.60GHz
stepping	: 3
microcode	: 0x19
cpu MHz		: 2601.000
cache size	: 3072 KB
physical id	: 0
siblings	: 4
core id		: 0
cpu cores	: 2
apicid		: 1
initial apicid	: 1
fpu		: yes
fpu_exception	: yes
cpuid level	: 13
wp		: yes
flags		: fpu vme de pse tsc msr pae mce cx8 apic sep mtrr pge mca cmov pat pse36 clflush dts acpi mmx fxsr sse sse2 ss ht tm pbe syscall nx pdpe1gb rdtscp lm constant_tsc arch_perfmon pebs bts rep_good nopl xtopology nonstop_tsc aperfmperf eagerfpu pni pclmulqdq dtes64 monitor ds_cpl vmx smx est tm2 ssse3 fma cx16 xtpr pdcm pcid sse4_1 sse4_2 x2apic movbe popcnt tsc_deadline_timer aes xsave avx f16c rdrand lahf_lm abm ida arat epb xsaveopt pln pts dtherm tpr_shadow vnmi flexpriority ept vpid fsgsbase tsc_adjust bmi1 hle avx2 smep bmi2 erms invpcid rtm
bogomips	: 5188.29
clflush size	: 64
cache_alignment	: 64
address sizes	: 39 bits physical, 48 bits virtual
power management:

processor	: 2
vendor_id	: GenuineIntel
cpu family	: 6
model		: 60
model name	: Intel(R) Core(TM) i5-4300M CPU @ 2.60GHz
stepping	: 3
microcode	: 0x19
cpu MHz		: 2601.000
cache size	: 3072 KB
physical id	: 0
siblings	: 4
core id		: 1
cpu cores	: 2
apicid		: 2
initial apicid	: 2
fpu		: yes
fpu_exception	: yes
cpuid level	: 13
wp		: yes
flags		: fpu vme de pse tsc msr pae mce cx8 apic sep mtrr pge mca cmov pat pse36 clflush dts acpi mmx fxsr sse sse2 ss ht tm pbe syscall nx pdpe1gb rdtscp lm constant_tsc arch_perfmon pebs bts rep_good nopl xtopology nonstop_tsc aperfmperf eagerfpu pni pclmulqdq dtes64 monitor ds_cpl vmx smx est tm2 ssse3 fma cx16 xtpr pdcm pcid sse4_1 sse4_2 x2apic movbe popcnt tsc_deadline_timer aes xsave avx f16c rdrand lahf_lm abm ida arat epb xsaveopt pln pts dtherm tpr_shadow vnmi flexpriority ept vpid fsgsbase tsc_adjust bmi1 hle avx2 smep bmi2 erms invpcid rtm
bogomips	: 5188.29
clflush size	: 64
cache_alignment	: 64
address sizes	: 39 bits physical, 48 bits virtual
power management:

processor	: 3
vendor_id	: GenuineIntel
cpu family	: 6
model		: 60
model name	: Intel(R) Core(TM) i5-4300M CPU @ 2.60GHz
stepping	: 3
microcode	: 0x19
cpu MHz		: 2601.000
cache size	: 3072 KB
physical id	: 0
siblings	: 4
core id		: 1
cpu cores	: 2
apicid		: 3
initial apicid	: 3
fpu		: yes
fpu_exception	: yes
cpuid level	: 13
wp		: yes
flags		: fpu vme de pse tsc msr pae mce cx8 apic sep mtrr pge mca cmov pat pse36 clflush dts acpi mmx fxsr sse sse2 ss ht tm pbe syscall nx pdpe1gb rdtscp lm constant_tsc arch_perfmon pebs bts rep_good nopl xtopology nonstop_tsc aperfmperf eagerfpu pni pclmulqdq dtes64 monitor ds_cpl vmx smx est tm2 ssse3 fma cx16 xtpr pdcm pcid sse4_1 sse4_2 x2apic movbe popcnt tsc_deadline_timer aes xsave avx f16c rdrand lahf_lm abm ida arat epb xsaveopt pln pts dtherm tpr_shadow vnmi flexpriority ept vpid fsgsbase tsc_adjust bmi1 hle avx2 smep bmi2 erms invpcid rtm
bogomips	: 5188.29
clflush size	: 64
cache_alignment	: 64
address sizes	: 39 bits physical, 48 bits virtual
power management:



Memory: 4k page, physical 3756188k(849104k free), swap 2097148k(1037616k free)

vm_info: Java HotSpot(TM) 64-Bit Server VM (25.91-b14) for linux-amd64 JRE (1.8.0_91-b14), built on Apr  1 2016 00:57:21 by "java_re" with gcc 4.3.0 20080428 (Red Hat 4.3.0-8)

time: Mon Jul 18 02:46:41 2016
elapsed time: 26 seconds (0d 0h 0m 26s)

